
> Configure project :app
WARNING: The option setting 'android.usesSdkInManifest.disallowed=false' is deprecated.
The current default is 'true'.
It will be removed in version 10.0 of the Android Gradle plugin.
WARNING: The option setting 'android.sdk.defaultTargetSdkToCompileSdkIfUnset=false' is deprecated.
The current default is 'true'.
It will be removed in version 10.0 of the Android Gradle plugin.
WARNING: The option setting 'android.enableAppCompileTimeRClass=false' is deprecated.
The current default is 'true'.
It will be removed in version 10.0 of the Android Gradle plugin.
WARNING: The option setting 'android.builtInKotlin=false' is deprecated.
The current default is 'true'.
It will be removed in version 10.0 of the Android Gradle plugin.
WARNING: The option setting 'android.newDsl=false' is deprecated.
The current default is 'true'.
It will be removed in version 10.0 of the Android Gradle plugin.
WARNING: The option setting 'android.r8.optimizedResourceShrinking=false' is deprecated.
The current default is 'true'.
It will be removed in version 10.0 of the Android Gradle plugin.
WARNING: The option setting 'android.defaults.buildfeatures.resvalues=true' is deprecated.
The current default is 'false'.
It will be removed in version 10.0 of the Android Gradle plugin.
WARNING: The option setting 'android.dependency.excludeLibraryComponentsFromConstraints=true' is deprecated.
The current default is 'false'.
It will be removed in version 10.0 of the Android Gradle plugin.
Following can be set instead to achieve a similar behaviour.
    android.dependency.useConstraints=false
WARNING: The specified Android SDK Build Tools version (35.0.0) is ignored, as it is below the minimum supported version (36.0.0) for Android Gradle Plugin 9.0.0.
Android SDK Build Tools 36.0.0 will be used.
To suppress this warning, remove "buildToolsVersion '35.0.0'" from your build.gradle file, as each version of the Android Gradle Plugin now has a default version of the build tools.

> Task :app:checkKotlinGradlePluginConfigurationErrors SKIPPED
> Task :app:preBuild UP-TO-DATE
> Task :app:preDebugBuild UP-TO-DATE
> Task :app:dataBindingMergeDependencyArtifactsDebug UP-TO-DATE
> Task :app:generateDebugResValues UP-TO-DATE
> Task :app:generateDebugResources UP-TO-DATE
> Task :app:processDebugGoogleServices UP-TO-DATE
> Task :app:mergeDebugResources UP-TO-DATE
> Task :app:packageDebugResources UP-TO-DATE
> Task :app:processDebugNavigationResources UP-TO-DATE
> Task :app:parseDebugLocalResources UP-TO-DATE
> Task :app:dataBindingGenBaseClassesDebug UP-TO-DATE
> Task :app:generateDebugBuildConfig UP-TO-DATE
> Task :app:checkDebugAarMetadata UP-TO-DATE
> Task :app:compileDebugNavigationResources UP-TO-DATE
> Task :app:mapDebugSourceSetPaths UP-TO-DATE
> Task :app:createDebugCompatibleScreenManifests UP-TO-DATE
> Task :app:extractDeepLinksDebug UP-TO-DATE
> Task :app:processDebugMainManifest UP-TO-DATE
> Task :app:processDebugManifest UP-TO-DATE
> Task :app:processDebugManifestForPackage UP-TO-DATE
> Task :app:processDebugResources UP-TO-DATE

> Task :app:compileDebugKotlin FAILED
e: file:///C:/Users/renuk/OneDrive/Desktop/project/SwasthyaMitra/app/src/main/java/com/example/swasthyamitra/WorkoutDashboardActivity.kt:141:9 Unresolved reference 'llInstructions'.
e: file:///C:/Users/renuk/OneDrive/Desktop/project/SwasthyaMitra/app/src/main/java/com/example/swasthyamitra/WorkoutDashboardActivity.kt:141:26 Cannot infer type for this parameter. Specify it explicitly.
e: file:///C:/Users/renuk/OneDrive/Desktop/project/SwasthyaMitra/app/src/main/java/com/example/swasthyamitra/WorkoutDashboardActivity.kt:141:26 Not enough information to infer type argument for 'T'.
e: file:///C:/Users/renuk/OneDrive/Desktop/project/SwasthyaMitra/app/src/main/java/com/example/swasthyamitra/WorkoutDashboardActivity.kt:142:9 Unresolved reference 'llTips'.
e: file:///C:/Users/renuk/OneDrive/Desktop/project/SwasthyaMitra/app/src/main/java/com/example/swasthyamitra/WorkoutDashboardActivity.kt:142:18 Cannot infer type for this parameter. Specify it explicitly.
e: file:///C:/Users/renuk/OneDrive/Desktop/project/SwasthyaMitra/app/src/main/java/com/example/swasthyamitra/WorkoutDashboardActivity.kt:142:18 Not enough information to infer type argument for 'T'.
e: file:///C:/Users/renuk/OneDrive/Desktop/project/SwasthyaMitra/app/src/main/java/com/example/swasthyamitra/WorkoutDashboardActivity.kt:230:9 Unresolved reference 'llInstructions'.
e: file:///C:/Users/renuk/OneDrive/Desktop/project/SwasthyaMitra/app/src/main/java/com/example/swasthyamitra/WorkoutDashboardActivity.kt:237:13 Unresolved reference 'llInstructions'.
e: file:///C:/Users/renuk/OneDrive/Desktop/project/SwasthyaMitra/app/src/main/java/com/example/swasthyamitra/WorkoutDashboardActivity.kt:241:9 Unresolved reference 'llTips'.
e: file:///C:/Users/renuk/OneDrive/Desktop/project/SwasthyaMitra/app/src/main/java/com/example/swasthyamitra/WorkoutDashboardActivity.kt:243:14 Unresolved reference 'llTips'.
e: file:///C:/Users/renuk/OneDrive/Desktop/project/SwasthyaMitra/app/src/main/java/com/example/swasthyamitra/WorkoutDashboardActivity.kt:253:17 Unresolved reference 'llTips'.

[Incubating] Problems report is available at: file:///C:/Users/renuk/OneDrive/Desktop/project/SwasthyaMitra/build/reports/problems/problems-report.html

FAILURE: Build failed with an exception.

* What went wrong:
Execution failed for task ':app:compileDebugKotlin'.
> A failure occurred while executing org.jetbrains.kotlin.compilerRunner.GradleCompilerRunnerWithWorkers$GradleKotlinCompilerWorkAction
   > Compilation error. See log for more details

* Try:
> Run with --stacktrace option to get the stack trace.
> Run with --info or --debug option to get more log output.
> Run with --scan to generate a Build Scan (Powered by Develocity).
> Get more help at https://help.gradle.org.

Deprecated Gradle features were used in this build, making it incompatible with Gradle 10.

You can use '--warning-mode all' to show the individual deprecation warnings and determine if they come from your own scripts or plugins.

For more on this, please refer to https://docs.gradle.org/9.1.0/userguide/command_line_interface.html#sec:command_line_warnings in the Gradle documentation.

BUILD FAILED in 3s
20 actionable tasks: 1 executed, 19 up-to-date
