./gradlew : WARNING: 
A restricted method 
in java.lang.System 
has been called
At line:1 char:1
+ ./gradlew 
assembleDebug 2> 
profile_err_only.txt 
1> 
profile_out_only.t 
...
+ ~~~~~~~~~~~~~~~~~~~
~~~~~~~~~~~~~~~~~~~~~
~~~~~~~~~~~~~~~~~~~~~
~~~~~~~~
    + CategoryInfo   
           : NotSpe  
  cified: (WARNING   
 : A rest...has b    
een called:Strin    
g) [], RemoteExc    
eption
    + FullyQualified 
   ErrorId : Native  
  CommandError
 
WARNING: java.lang.Sy
stem::load has been 
called by net.rubygra
pefruit.platform.inte
rnal.NativeLibraryLoa
der in an unnamed 
module (file:/C:/User
s/shrut/.gradle/wrapp
er/dists/gradle-9.1.0
-bin/9agqghryom9wkf8r
80qlhnts3/gradle-9.1.
0/lib/native-platform
-0.22-milestone-28.ja
r)
WARNING: Use --enable
-native-access=ALL-UN
NAMED to avoid a 
warning for callers 
in this module
WARNING: Restricted 
methods will be 
blocked in a future 
release unless 
native access is 
enabled

e: file:///C:/Users/s
hrut/AndroidStudioPro
jects/SwasthyaMitra/a
pp/src/main/java/com/
example/swasthyamitra
/ProfileActivity.kt:1
04:9 Unresolved 
reference 
'userAgeEdit'.
e: file:///C:/Users/s
hrut/AndroidStudioPro
jects/SwasthyaMitra/a
pp/src/main/java/com/
example/swasthyamitra
/ProfileActivity.kt:1
04:23 Cannot infer 
type for this 
parameter. Specify 
it explicitly.
e: file:///C:/Users/s
hrut/AndroidStudioPro
jects/SwasthyaMitra/a
pp/src/main/java/com/
example/swasthyamitra
/ProfileActivity.kt:1
04:23 Not enough 
information to infer 
type argument for 
'T'.
e: file:///C:/Users/s
hrut/AndroidStudioPro
jects/SwasthyaMitra/a
pp/src/main/java/com/
example/swasthyamitra
/ProfileActivity.kt:1
05:9 Unresolved 
reference 
'userHeightEdit'.
e: file:///C:/Users/s
hrut/AndroidStudioPro
jects/SwasthyaMitra/a
pp/src/main/java/com/
example/swasthyamitra
/ProfileActivity.kt:1
05:26 Cannot infer 
type for this 
parameter. Specify 
it explicitly.
e: file:///C:/Users/s
hrut/AndroidStudioPro
jects/SwasthyaMitra/a
pp/src/main/java/com/
example/swasthyamitra
/ProfileActivity.kt:1
05:26 Not enough 
information to infer 
type argument for 
'T'.
e: file:///C:/Users/s
hrut/AndroidStudioPro
jects/SwasthyaMitra/a
pp/src/main/java/com/
example/swasthyamitra
/ProfileActivity.kt:1
06:9 Unresolved 
reference 
'userWeightEdit'.
e: file:///C:/Users/s
hrut/AndroidStudioPro
jects/SwasthyaMitra/a
pp/src/main/java/com/
example/swasthyamitra
/ProfileActivity.kt:1
06:26 Cannot infer 
type for this 
parameter. Specify 
it explicitly.
e: file:///C:/Users/s
hrut/AndroidStudioPro
jects/SwasthyaMitra/a
pp/src/main/java/com/
example/swasthyamitra
/ProfileActivity.kt:1
06:26 Not enough 
information to infer 
type argument for 
'T'.
e: file:///C:/Users/s
hrut/AndroidStudioPro
jects/SwasthyaMitra/a
pp/src/main/java/com/
example/swasthyamitra
/ProfileActivity.kt:3
05:9 Unresolved 
reference 
'userAgeEdit'.
e: file:///C:/Users/s
hrut/AndroidStudioPro
jects/SwasthyaMitra/a
pp/src/main/java/com/
example/swasthyamitra
/ProfileActivity.kt:3
09:9 Unresolved 
reference 
'userHeightEdit'.
e: file:///C:/Users/s
hrut/AndroidStudioPro
jects/SwasthyaMitra/a
pp/src/main/java/com/
example/swasthyamitra
/ProfileActivity.kt:3
11:9 Unresolved 
reference 
'userWeightEdit'.
e: file:///C:/Users/s
hrut/AndroidStudioPro
jects/SwasthyaMitra/a
pp/src/main/java/com/
example/swasthyamitra
/ProfileActivity.kt:3
24:13 Unresolved 
reference 
'userAgeEdit'.
e: file:///C:/Users/s
hrut/AndroidStudioPro
jects/SwasthyaMitra/a
pp/src/main/java/com/
example/swasthyamitra
/ProfileActivity.kt:3
25:13 Unresolved 
reference 
'userHeightEdit'.
e: file:///C:/Users/s
hrut/AndroidStudioPro
jects/SwasthyaMitra/a
pp/src/main/java/com/
example/swasthyamitra
/ProfileActivity.kt:3
26:13 Unresolved 
reference 
'userWeightEdit'.
e: file:///C:/Users/s
hrut/AndroidStudioPro
jects/SwasthyaMitra/a
pp/src/main/java/com/
example/swasthyamitra
/ProfileActivity.kt:3
38:22 Unresolved 
reference 
'userAgeEdit'.
e: file:///C:/Users/s
hrut/AndroidStudioPro
jects/SwasthyaMitra/a
pp/src/main/java/com/
example/swasthyamitra
/ProfileActivity.kt:3
39:25 Unresolved 
reference 
'userHeightEdit'.
e: file:///C:/Users/s
hrut/AndroidStudioPro
jects/SwasthyaMitra/a
pp/src/main/java/com/
example/swasthyamitra
/ProfileActivity.kt:3
40:25 Unresolved 
reference 
'userWeightEdit'.

FAILURE: Build 
failed with an 
exception.

* What went wrong:
Execution failed for 
task ':app:compileDeb
ugKotlin'.
> A failure occurred 
while executing org.j
etbrains.kotlin.compi
lerRunner.GradleCompi
lerRunnerWithWorkers$
GradleKotlinCompilerW
orkAction
   > Compilation 
error. See log for 
more details

* Try:
> Run with 
--stacktrace option 
to get the stack 
trace.
> Run with --info or 
--debug option to 
get more log output.
> Run with --scan to 
generate a Build 
Scan (Powered by 
Develocity).
> Get more help at ht
tps://help.gradle.org
.

BUILD FAILED in 6s
